<?xml version="1.0" encoding="UTF-8"?>
<coverage generated="1777850296">
  <project timestamp="1777850296" name="Clover Coverage">
    <package name="App\Application\Customer\DTOs">
      <file name="/var/www/html/app/Application/Customer/DTOs/CreateCustomerDTO.php">
        <class name="App\Application\Customer\DTOs\CreateCustomerDTO" namespace="App\Application\Customer\DTOs">
          <metrics complexity="1" methods="1" coveredmethods="1" conditionals="0" coveredconditionals="0" statements="1" coveredstatements="1" elements="2" coveredelements="2"/>
        </class>
        <line num="7" type="method" name="__construct" visibility="public" complexity="1" crap="1" count="9"/>
        <line num="12" type="stmt" count="9"/>
        <metrics loc="14" ncloc="14" classes="1" methods="1" coveredmethods="1" conditionals="0" coveredconditionals="0" statements="1" coveredstatements="1" elements="2" coveredelements="2"/>
      </file>
      <file name="/var/www/html/app/Application/Customer/DTOs/ListCustomerDTO.php">
        <class name="App\Application\Customer\DTOs\ListCustomerDTO" namespace="App\Application\Customer\DTOs">
          <metrics complexity="1" methods="1" coveredmethods="1" conditionals="0" coveredconditionals="0" statements="1" coveredstatements="1" elements="2" coveredelements="2"/>
        </class>
        <line num="7" type="method" name="__construct" visibility="public" complexity="1" crap="1" count="5"/>
        <line num="10" type="stmt" count="5"/>
        <metrics loc="12" ncloc="12" classes="1" methods="1" coveredmethods="1" conditionals="0" coveredconditionals="0" statements="1" coveredstatements="1" elements="2" coveredelements="2"/>
      </file>
      <file name="/var/www/html/app/Application/Customer/DTOs/ShowCustomerDTO.php">
        <class name="App\Application\Customer\DTOs\ShowCustomerDTO" namespace="App\Application\Customer\DTOs">
          <metrics complexity="1" methods="1" coveredmethods="1" conditionals="0" coveredconditionals="0" statements="1" coveredstatements="1" elements="2" coveredelements="2"/>
        </class>
        <line num="7" type="method" name="__construct" visibility="public" complexity="1" crap="1" count="4"/>
        <line num="9" type="stmt" count="4"/>
        <metrics loc="10" ncloc="10" classes="1" methods="1" coveredmethods="1" conditionals="0" coveredconditionals="0" statements="1" coveredstatements="1" elements="2" coveredelements="2"/>
      </file>
      <file name="/var/www/html/app/Application/Customer/DTOs/UpdateCustomerDTO.php">
        <class name="App\Application\Customer\DTOs\UpdateCustomerDTO" namespace="App\Application\Customer\DTOs">
          <metrics complexity="1" methods="1" coveredmethods="1" conditionals="0" coveredconditionals="0" statements="1" coveredstatements="1" elements="2" coveredelements="2"/>
        </class>
        <line num="7" type="method" name="__construct" visibility="public" complexity="1" crap="1" count="3"/>
        <line num="13" type="stmt" count="3"/>
        <metrics loc="14" ncloc="14" classes="1" methods="1" coveredmethods="1" conditionals="0" coveredconditionals="0" statements="1" coveredstatements="1" elements="2" coveredelements="2"/>
      </file>
    </package>
    <package name="App\Application\Customer\UseCases">
      <file name="/var/www/html/app/Application/Customer/UseCases/CreateCustomerUseCase.php">
        <class name="App\Application\Customer\UseCases\CreateCustomerUseCase" namespace="App\Application\Customer\UseCases">
          <metrics complexity="3" methods="2" coveredmethods="2" conditionals="0" coveredconditionals="0" statements="14" coveredstatements="14" elements="16" coveredelements="16"/>
        </class>
        <line num="13" type="method" name="__construct" visibility="public" complexity="1" crap="1" count="9"/>
        <line num="15" type="stmt" count="9"/>
        <line num="17" type="method" name="execute" visibility="public" complexity="2" crap="2" count="9"/>
        <line num="19" type="stmt" count="9"/>
        <line num="20" type="stmt" count="7"/>
        <line num="21" type="stmt" count="7"/>
        <line num="22" type="stmt" count="2"/>
        <line num="24" type="stmt" count="6"/>
        <line num="25" type="stmt" count="6"/>
        <line num="26" type="stmt" count="6"/>
        <line num="27" type="stmt" count="6"/>
        <line num="28" type="stmt" count="6"/>
        <line num="29" type="stmt" count="6"/>
        <line num="30" type="stmt" count="6"/>
        <line num="31" type="stmt" count="6"/>
        <line num="32" type="stmt" count="6"/>
        <metrics loc="34" ncloc="34" classes="1" methods="2" coveredmethods="2" conditionals="0" coveredconditionals="0" statements="14" coveredstatements="14" elements="16" coveredelements="16"/>
      </file>
      <file name="/var/www/html/app/Application/Customer/UseCases/DeleteCustomerUseCase.php">
        <class name="App\Application\Customer\UseCases\DeleteCustomerUseCase" namespace="App\Application\Customer\UseCases">
          <metrics complexity="3" methods="2" coveredmethods="0" conditionals="0" coveredconditionals="0" statements="5" coveredstatements="0" elements="7" coveredelements="0"/>
        </class>
        <line num="9" type="method" name="__construct" visibility="public" complexity="1" crap="2" count="0"/>
        <line num="11" type="stmt" count="0"/>
        <line num="13" type="method" name="execute" visibility="public" complexity="2" crap="6" count="0"/>
        <line num="15" type="stmt" count="0"/>
        <line num="17" type="stmt" count="0"/>
        <line num="18" type="stmt" count="0"/>
        <line num="21" type="stmt" count="0"/>
        <metrics loc="24" ncloc="24" classes="1" methods="2" coveredmethods="0" conditionals="0" coveredconditionals="0" statements="5" coveredstatements="0" elements="7" coveredelements="0"/>
      </file>
      <file name="/var/www/html/app/Application/Customer/UseCases/ListCustomerUseCase.php">
        <class name="App\Application\Customer\UseCases\ListCustomerUseCase" namespace="App\Application\Customer\UseCases">
          <metrics complexity="4" methods="2" coveredmethods="2" conditionals="0" coveredconditionals="0" statements="7" coveredstatements="7" elements="9" coveredelements="9"/>
        </class>
        <line num="11" type="method" name="__construct" visibility="public" complexity="1" crap="1" count="5"/>
        <line num="13" type="stmt" count="5"/>
        <line num="15" type="method" name="execute" visibility="public" complexity="3" crap="3" count="5"/>
        <line num="17" type="stmt" count="5"/>
        <line num="18" type="stmt" count="4"/>
        <line num="19" type="stmt" count="4"/>
        <line num="20" type="stmt" count="1"/>
        <line num="22" type="stmt" count="4"/>
        <line num="24" type="stmt" count="1"/>
        <metrics loc="26" ncloc="26" classes="1" methods="2" coveredmethods="2" conditionals="0" coveredconditionals="0" statements="7" coveredstatements="7" elements="9" coveredelements="9"/>
      </file>
      <file name="/var/www/html/app/Application/Customer/UseCases/ShowCustomerUseCase.php">
        <class name="App\Application\Customer\UseCases\ShowCustomerUseCase" namespace="App\Application\Customer\UseCases">
          <metrics complexity="3" methods="2" coveredmethods="2" conditionals="0" coveredconditionals="0" statements="5" coveredstatements="5" elements="7" coveredelements="7"/>
        </class>
        <line num="11" type="method" name="__construct" visibility="public" complexity="1" crap="1" count="4"/>
        <line num="13" type="stmt" count="4"/>
        <line num="14" type="method" name="execute" visibility="public" complexity="2" crap="2" count="4"/>
        <line num="16" type="stmt" count="4"/>
        <line num="17" type="stmt" count="4"/>
        <line num="18" type="stmt" count="2"/>
        <line num="20" type="stmt" count="2"/>
        <metrics loc="22" ncloc="22" classes="1" methods="2" coveredmethods="2" conditionals="0" coveredconditionals="0" statements="5" coveredstatements="5" elements="7" coveredelements="7"/>
      </file>
      <file name="/var/www/html/app/Application/Customer/UseCases/UpdateCustomerUseCase.php">
        <class name="App\Application\Customer\UseCases\UpdateCustomerUseCase" namespace="App\Application\Customer\UseCases">
          <metrics complexity="3" methods="2" coveredmethods="2" conditionals="0" coveredconditionals="0" statements="12" coveredstatements="12" elements="14" coveredelements="14"/>
        </class>
        <line num="11" type="method" name="__construct" visibility="public" complexity="1" crap="1" count="3"/>
        <line num="13" type="stmt" count="3"/>
        <line num="14" type="method" name="execute" visibility="public" complexity="2" crap="2" count="3"/>
        <line num="16" type="stmt" count="3"/>
        <line num="17" type="stmt" count="3"/>
        <line num="18" type="stmt" count="1"/>
        <line num="20" type="stmt" count="2"/>
        <line num="21" type="stmt" count="2"/>
        <line num="22" type="stmt" count="2"/>
        <line num="23" type="stmt" count="2"/>
        <line num="24" type="stmt" count="2"/>
        <line num="25" type="stmt" count="2"/>
        <line num="26" type="stmt" count="2"/>
        <line num="27" type="stmt" count="2"/>
        <metrics loc="29" ncloc="29" classes="1" methods="2" coveredmethods="2" conditionals="0" coveredconditionals="0" statements="12" coveredstatements="12" elements="14" coveredelements="14"/>
      </file>
    </package>
    <package name="App\Application\Item\DTOs">
      <file name="/var/www/html/app/Application/Item/DTOs/CreateItemDTO.php">
        <class name="App\Application\Item\DTOs\CreateItemDTO" namespace="App\Application\Item\DTOs">
          <metrics complexity="1" methods="1" coveredmethods="1" conditionals="0" coveredconditionals="0" statements="1" coveredstatements="1" elements="2" coveredelements="2"/>
        </class>
        <line num="7" type="method" name="__construct" visibility="public" complexity="1" crap="1" count="59"/>
        <line num="15" type="stmt" count="59"/>
        <metrics loc="17" ncloc="17" classes="1" methods="1" coveredmethods="1" conditionals="0" coveredconditionals="0" statements="1" coveredstatements="1" elements="2" coveredelements="2"/>
      </file>
      <file name="/var/www/html/app/Application/Item/DTOs/ListItemDTO.php">
        <class name="App\Application\Item\DTOs\ListItemDTO" namespace="App\Application\Item\DTOs">
          <metrics complexity="1" methods="1" coveredmethods="1" conditionals="0" coveredconditionals="0" statements="1" coveredstatements="1" elements="2" coveredelements="2"/>
        </class>
        <line num="7" type="method" name="__construct" visibility="public" complexity="1" crap="1" count="9"/>
        <line num="11" type="stmt" count="9"/>
        <metrics loc="13" ncloc="13" classes="1" methods="1" coveredmethods="1" conditionals="0" coveredconditionals="0" statements="1" coveredstatements="1" elements="2" coveredelements="2"/>
      </file>
      <file name="/var/www/html/app/Application/Item/DTOs/ListStockMovementsDTO.php">
        <class name="App\Application\Item\DTOs\ListStockMovementsDTO" namespace="App\Application\Item\DTOs">
          <metrics complexity="1" methods="1" coveredmethods="1" conditionals="0" coveredconditionals="0" statements="1" coveredstatements="1" elements="2" coveredelements="2"/>
        </class>
        <line num="7" type="method" name="__construct" visibility="public" complexity="1" crap="1" count="8"/>
        <line num="11" type="stmt" count="8"/>
        <metrics loc="13" ncloc="13" classes="1" methods="1" coveredmethods="1" conditionals="0" coveredconditionals="0" statements="1" coveredstatements="1" elements="2" coveredelements="2"/>
      </file>
      <file name="/var/www/html/app/Application/Item/DTOs/ShowItemDTO.php">
        <class name="App\Application\Item\DTOs\ShowItemDTO" namespace="App\Application\Item\DTOs">
          <metrics complexity="1" methods="1" coveredmethods="1" conditionals="0" coveredconditionals="0" statements="1" coveredstatements="1" elements="2" coveredelements="2"/>
        </class>
        <line num="7" type="method" name="__construct" visibility="public" complexity="1" crap="1" count="9"/>
        <line num="9" type="stmt" count="9"/>
        <metrics loc="11" ncloc="11" classes="1" methods="1" coveredmethods="1" conditionals="0" coveredconditionals="0" statements="1" coveredstatements="1" elements="2" coveredelements="2"/>
      </file>
      <file name="/var/www/html/app/Application/Item/DTOs/StockEntryDTO.php">
        <class name="App\Application\Item\DTOs\StockEntryDTO" namespace="App\Application\Item\DTOs">
          <metrics complexity="1" methods="1" coveredmethods="1" conditionals="0" coveredconditionals="0" statements="1" coveredstatements="1" elements="2" coveredelements="2"/>
        </class>
        <line num="7" type="method" name="__construct" visibility="public" complexity="1" crap="1" count="39"/>
        <line num="12" type="stmt" count="39"/>
        <metrics loc="14" ncloc="14" classes="1" methods="1" coveredmethods="1" conditionals="0" coveredconditionals="0" statements="1" coveredstatements="1" elements="2" coveredelements="2"/>
      </file>
      <file name="/var/www/html/app/Application/Item/DTOs/StockWithdrawalDTO.php">
        <class name="App\Application\Item\DTOs\StockWithdrawalDTO" namespace="App\Application\Item\DTOs">
          <metrics complexity="1" methods="1" coveredmethods="1" conditionals="0" coveredconditionals="0" statements="1" coveredstatements="1" elements="2" coveredelements="2"/>
        </class>
        <line num="7" type="method" name="__construct" visibility="public" complexity="1" crap="1" count="8"/>
        <line num="12" type="stmt" count="8"/>
        <metrics loc="14" ncloc="14" classes="1" methods="1" coveredmethods="1" conditionals="0" coveredconditionals="0" statements="1" coveredstatements="1" elements="2" coveredelements="2"/>
      </file>
      <file name="/var/www/html/app/Application/Item/DTOs/UpdateItemDTO.php">
        <class name="App\Application\Item\DTOs\UpdateItemDTO" namespace="App\Application\Item\DTOs">
          <metrics complexity="1" methods="1" coveredmethods="1" conditionals="0" coveredconditionals="0" statements="1" coveredstatements="1" elements="2" coveredelements="2"/>
        </class>
        <line num="7" type="method" name="__construct" visibility="public" complexity="1" crap="1" count="8"/>
        <line num="16" type="stmt" count="8"/>
        <metrics loc="18" ncloc="18" classes="1" methods="1" coveredmethods="1" conditionals="0" coveredconditionals="0" statements="1" coveredstatements="1" elements="2" coveredelements="2"/>
      </file>
    </package>
    <package name="App\Application\Item\UseCases">
      <file name="/var/www/html/app/Application/Item/UseCases/CreateItemUseCase.php">
        <class name="App\Application\Item\UseCases\CreateItemUseCase" namespace="App\Application\Item\UseCases">
          <metrics complexity="3" methods="2" coveredmethods="2" conditionals="0" coveredconditionals="0" statements="15" coveredstatements="15" elements="17" coveredelements="17"/>
        </class>
        <line num="14" type="method" name="__construct" visibility="public" complexity="1" crap="1" count="59"/>
        <line num="16" type="stmt" count="59"/>
        <line num="18" type="method" name="execute" visibility="public" complexity="2" crap="2" count="59"/>
        <line num="20" type="stmt" count="59"/>
        <line num="22" type="stmt" count="59"/>
        <line num="23" type="stmt" count="2"/>
        <line num="26" type="stmt" count="58"/>
        <line num="27" type="stmt" count="58"/>
        <line num="28" type="stmt" count="58"/>
        <line num="29" type="stmt" count="58"/>
        <line num="30" type="stmt" count="58"/>
        <line num="31" type="stmt" count="58"/>
        <line num="32" type="stmt" count="58"/>
        <line num="33" type="stmt" count="58"/>
        <line num="34" type="stmt" count="58"/>
        <line num="36" type="stmt" count="58"/>
        <line num="38" type="stmt" count="58"/>
        <metrics loc="41" ncloc="41" classes="1" methods="2" coveredmethods="2" conditionals="0" coveredconditionals="0" statements="15" coveredstatements="15" elements="17" coveredelements="17"/>
      </file>
      <file name="/var/www/html/app/Application/Item/UseCases/DeleteItemUseCase.php">
        <class name="App\Application\Item\UseCases\DeleteItemUseCase" namespace="App\Application\Item\UseCases">
          <metrics complexity="4" methods="2" coveredmethods="2" conditionals="0" coveredconditionals="0" statements="7" coveredstatements="7" elements="9" coveredelements="9"/>
        </class>
        <line num="9" type="method" name="__construct" visibility="public" complexity="1" crap="1" count="6"/>
        <line num="11" type="stmt" count="6"/>
        <line num="13" type="method" name="execute" visibility="public" complexity="3" crap="3" count="6"/>
        <line num="15" type="stmt" count="6"/>
        <line num="17" type="stmt" count="6"/>
        <line num="18" type="stmt" count="2"/>
        <line num="21" type="stmt" count="4"/>
        <line num="22" type="stmt" count="2"/>
        <line num="25" type="stmt" count="2"/>
        <metrics loc="28" ncloc="28" classes="1" methods="2" coveredmethods="2" conditionals="0" coveredconditionals="0" statements="7" coveredstatements="7" elements="9" coveredelements="9"/>
      </file>
      <file name="/var/www/html/app/Application/Item/UseCases/ListItemUseCase.php">
        <class name="App\Application\Item\UseCases\ListItemUseCase" namespace="App\Application\Item\UseCases">
          <metrics complexity="4" methods="2" coveredmethods="2" conditionals="0" coveredconditionals="0" statements="5" coveredstatements="5" elements="7" coveredelements="7"/>
        </class>
        <line num="10" type="method" name="__construct" visibility="public" complexity="1" crap="1" count="9"/>
        <line num="12" type="stmt" count="9"/>
        <line num="14" type="method" name="execute" visibility="public" complexity="3" crap="3" count="9"/>
        <line num="16" type="stmt" count="9"/>
        <line num="17" type="stmt" count="6"/>
        <line num="19" type="stmt" count="6"/>
        <line num="22" type="stmt" count="3"/>
        <metrics loc="25" ncloc="25" classes="1" methods="2" coveredmethods="2" conditionals="0" coveredconditionals="0" statements="5" coveredstatements="5" elements="7" coveredelements="7"/>
      </file>
      <file name="/var/www/html/app/Application/Item/UseCases/ListStockMovementsUseCase.php">
        <class name="App\Application\Item\UseCases\ListStockMovementsUseCase" namespace="App\Application\Item\UseCases">
          <metrics complexity="3" methods="2" coveredmethods="2" conditionals="0" coveredconditionals="0" statements="5" coveredstatements="5" elements="7" coveredelements="7"/>
        </class>
        <line num="11" type="method" name="__construct" visibility="public" complexity="1" crap="1" count="8"/>
        <line num="14" type="stmt" count="8"/>
        <line num="16" type="method" name="execute" visibility="public" complexity="2" crap="2" count="8"/>
        <line num="18" type="stmt" count="8"/>
        <line num="20" type="stmt" count="8"/>
        <line num="21" type="stmt" count="2"/>
        <line num="24" type="stmt" count="6"/>
        <metrics loc="27" ncloc="27" classes="1" methods="2" coveredmethods="2" conditionals="0" coveredconditionals="0" statements="5" coveredstatements="5" elements="7" coveredelements="7"/>
      </file>
      <file name="/var/www/html/app/Application/Item/UseCases/ShowItemUseCase.php">
        <class name="App\Application\Item\UseCases\ShowItemUseCase" namespace="App\Application\Item\UseCases">
          <metrics complexity="3" methods="2" coveredmethods="2" conditionals="0" coveredconditionals="0" statements="5" coveredstatements="5" elements="7" coveredelements="7"/>
        </class>
        <line num="11" type="method" name="__construct" visibility="public" complexity="1" crap="1" count="9"/>
        <line num="13" type="stmt" count="9"/>
        <line num="15" type="method" name="execute" visibility="public" complexity="2" crap="2" count="9"/>
        <line num="17" type="stmt" count="9"/>
        <line num="19" type="stmt" count="9"/>
        <line num="20" type="stmt" count="2"/>
        <line num="23" type="stmt" count="7"/>
        <metrics loc="26" ncloc="26" classes="1" methods="2" coveredmethods="2" conditionals="0" coveredconditionals="0" statements="5" coveredstatements="5" elements="7" coveredelements="7"/>
      </file>
      <file name="/var/www/html/app/Application/Item/UseCases/StockEntryUseCase.php">
        <class name="App\Application\Item\UseCases\StockEntryUseCase" namespace="App\Application\Item\UseCases">
          <metrics complexity="3" methods="2" coveredmethods="2" conditionals="0" coveredconditionals="0" statements="18" coveredstatements="18" elements="20" coveredelements="20"/>
        </class>
        <line num="13" type="method" name="__construct" visibility="public" complexity="1" crap="1" count="39"/>
        <line num="16" type="stmt" count="39"/>
        <line num="18" type="method" name="execute" visibility="public" complexity="2" crap="2" count="39"/>
        <line num="20" type="stmt" count="39"/>
        <line num="22" type="stmt" count="39"/>
        <line num="23" type="stmt" count="2"/>
        <line num="26" type="stmt" count="37"/>
        <line num="28" type="stmt" count="37"/>
        <line num="30" type="stmt" count="37"/>
        <line num="32" type="stmt" count="37"/>
        <line num="33" type="stmt" count="37"/>
        <line num="34" type="stmt" count="37"/>
        <line num="35" type="stmt" count="37"/>
        <line num="36" type="stmt" count="37"/>
        <line num="37" type="stmt" count="37"/>
        <line num="38" type="stmt" count="37"/>
        <line num="39" type="stmt" count="37"/>
        <line num="40" type="stmt" count="37"/>
        <line num="42" type="stmt" count="37"/>
        <line num="44" type="stmt" count="37"/>
        <metrics loc="47" ncloc="47" classes="1" methods="2" coveredmethods="2" conditionals="0" coveredconditionals="0" statements="18" coveredstatements="18" elements="20" coveredelements="20"/>
      </file>
      <file name="/var/www/html/app/Application/Item/UseCases/StockWithdrawalUseCase.php">
        <class name="App\Application\Item\UseCases\StockWithdrawalUseCase" namespace="App\Application\Item\UseCases">
          <metrics complexity="3" methods="2" coveredmethods="2" conditionals="0" coveredconditionals="0" statements="18" coveredstatements="18" elements="20" coveredelements="20"/>
        </class>
        <line num="13" type="method" name="__construct" visibility="public" complexity="1" crap="1" count="8"/>
        <line num="16" type="stmt" count="8"/>
        <line num="18" type="method" name="execute" visibility="public" complexity="2" crap="2" count="8"/>
        <line num="20" type="stmt" count="8"/>
        <line num="22" type="stmt" count="8"/>
        <line num="23" type="stmt" count="2"/>
        <line num="26" type="stmt" count="6"/>
        <line num="28" type="stmt" count="6"/>
        <line num="30" type="stmt" count="4"/>
        <line num="32" type="stmt" count="4"/>
        <line num="33" type="stmt" count="4"/>
        <line num="34" type="stmt" count="4"/>
        <line num="35" type="stmt" count="4"/>
        <line num="36" type="stmt" count="4"/>
        <line num="37" type="stmt" count="4"/>
        <line num="38" type="stmt" count="4"/>
        <line num="39" type="stmt" count="4"/>
        <line num="40" type="stmt" count="4"/>
        <line num="42" type="stmt" count="4"/>
        <line num="44" type="stmt" count="4"/>
        <metrics loc="47" ncloc="47" classes="1" methods="2" coveredmethods="2" conditionals="0" coveredconditionals="0" statements="18" coveredstatements="18" elements="20" coveredelements="20"/>
      </file>
      <file name="/var/www/html/app/Application/Item/UseCases/UpdateItemUseCase.php">
        <class name="App\Application\Item\UseCases\UpdateItemUseCase" namespace="App\Application\Item\UseCases">
          <metrics complexity="8" methods="2" coveredmethods="2" conditionals="0" coveredconditionals="0" statements="21" coveredstatements="21" elements="23" coveredelements="23"/>
        </class>
        <line num="14" type="method" name="__construct" visibility="public" complexity="1" crap="1" count="8"/>
        <line num="16" type="stmt" count="8"/>
        <line num="18" type="method" name="execute" visibility="public" complexity="7" crap="7" count="8"/>
        <line num="20" type="stmt" count="8"/>
        <line num="22" type="stmt" count="8"/>
        <line num="23" type="stmt" count="2"/>
        <line num="26" type="stmt" count="6"/>
        <line num="27" type="stmt" count="6"/>
        <line num="28" type="stmt" count="3"/>
        <line num="29" type="stmt" count="3"/>
        <line num="31" type="stmt" count="3"/>
        <line num="32" type="stmt" count="2"/>
        <line num="36" type="stmt" count="4"/>
        <line num="37" type="stmt" count="4"/>
        <line num="38" type="stmt" count="4"/>
        <line num="39" type="stmt" count="4"/>
        <line num="40" type="stmt" count="4"/>
        <line num="41" type="stmt" count="4"/>
        <line num="42" type="stmt" count="4"/>
        <line num="43" type="stmt" count="4"/>
        <line num="44" type="stmt" count="4"/>
        <line num="46" type="stmt" count="4"/>
        <line num="48" type="stmt" count="4"/>
        <metrics loc="51" ncloc="51" classes="1" methods="2" coveredmethods="2" conditionals="0" coveredconditionals="0" statements="21" coveredstatements="21" elements="23" coveredelements="23"/>
      </file>
    </package>
    <package name="App\Application\Notification\DTOs">
      <file name="/var/www/html/app/Application/Notification/DTOs/ListNotificationDTO.php">
        <class name="App\Application\Notification\DTOs\ListNotificationDTO" namespace="App\Application\Notification\DTOs">
          <metrics complexity="1" methods="1" coveredmethods="1" conditionals="0" coveredconditionals="0" statements="1" coveredstatements="1" elements="2" coveredelements="2"/>
        </class>
        <line num="7" type="method" name="__construct" visibility="public" complexity="1" crap="1" count="3"/>
        <line num="10" type="stmt" count="3"/>
        <metrics loc="11" ncloc="11" classes="1" methods="1" coveredmethods="1" conditionals="0" coveredconditionals="0" statements="1" coveredstatements="1" elements="2" coveredelements="2"/>
      </file>
      <file name="/var/www/html/app/Application/Notification/DTOs/ShowNotificationDTO.php">
        <class name="App\Application\Notification\DTOs\ShowNotificationDTO" namespace="App\Application\Notification\DTOs">
          <metrics complexity="1" methods="1" coveredmethods="1" conditionals="0" coveredconditionals="0" statements="1" coveredstatements="1" elements="2" coveredelements="2"/>
        </class>
        <line num="7" type="method" name="__construct" visibility="public" complexity="1" crap="1" count="3"/>
        <line num="9" type="stmt" count="3"/>
        <metrics loc="10" ncloc="10" classes="1" methods="1" coveredmethods="1" conditionals="0" coveredconditionals="0" statements="1" coveredstatements="1" elements="2" coveredelements="2"/>
      </file>
    </package>
    <package name="App\Application\Notification\Handlers">
      <file name="/var/www/html/app/Application/Notification/Handlers/NotifyCustomerOnQuoteSent.php">
        <class name="App\Application\Notification\Handlers\NotifyCustomerOnQuoteSent" namespace="App\Application\Notification\Handlers">
          <metrics complexity="4" methods="2" coveredmethods="1" conditionals="0" coveredconditionals="0" statements="21" coveredstatements="18" elements="23" coveredelements="19"/>
        </class>
        <line num="16" type="method" name="__construct" visibility="public" complexity="1" crap="1" count="1"/>
        <line num="20" type="stmt" count="1"/>
        <line num="22" type="method" name="handle" visibility="public" complexity="3" crap="3.03" count="1"/>
        <line num="24" type="stmt" count="1"/>
        <line num="25" type="stmt" count="1"/>
        <line num="27" type="stmt" count="1"/>
        <line num="28" type="stmt" count="0"/>
        <line num="31" type="stmt" count="1"/>
        <line num="33" type="stmt" count="1"/>
        <line num="34" type="stmt" count="1"/>
        <line num="35" type="stmt" count="1"/>
        <line num="36" type="stmt" count="1"/>
        <line num="37" type="stmt" count="1"/>
        <line num="38" type="stmt" count="1"/>
        <line num="39" type="stmt" count="1"/>
        <line num="40" type="stmt" count="1"/>
        <line num="41" type="stmt" count="1"/>
        <line num="43" type="stmt" count="1"/>
        <line num="45" type="stmt" count="1"/>
        <line num="46" type="stmt" count="1"/>
        <line num="47" type="stmt" count="0"/>
        <line num="48" type="stmt" count="0"/>
        <line num="50" type="stmt" count="1"/>
        <metrics loc="53" ncloc="53" classes="1" methods="2" coveredmethods="1" conditionals="0" coveredconditionals="0" statements="21" coveredstatements="18" elements="23" coveredelements="19"/>
      </file>
      <file name="/var/www/html/app/Application/Notification/Handlers/NotifyCustomerOnServiceOrderFinalized.php">
        <class name="App\Application\Notification\Handlers\NotifyCustomerOnServiceOrderFinalized" namespace="App\Application\Notification\Handlers">
          <metrics complexity="5" methods="2" coveredmethods="1" conditionals="0" coveredconditionals="0" statements="22" coveredstatements="19" elements="24" coveredelements="20"/>
        </class>
        <line num="17" type="method" name="__construct" visibility="public" complexity="1" crap="1" count="1"/>
        <line num="21" type="stmt" count="1"/>
        <line num="23" type="method" name="handle" visibility="public" complexity="4" crap="4.05" count="1"/>
        <line num="25" type="stmt" count="1"/>
        <line num="26" type="stmt" count="1"/>
        <line num="29" type="stmt" count="1"/>
        <line num="30" type="stmt" count="1"/>
        <line num="32" type="stmt" count="1"/>
        <line num="33" type="stmt" count="0"/>
        <line num="36" type="stmt" count="1"/>
        <line num="37" type="stmt" count="1"/>
        <line num="38" type="stmt" count="1"/>
        <line num="39" type="stmt" count="1"/>
        <line num="40" type="stmt" count="1"/>
        <line num="41" type="stmt" count="1"/>
        <line num="42" type="stmt" count="1"/>
        <line num="43" type="stmt" count="1"/>
        <line num="44" type="stmt" count="1"/>
        <line num="46" type="stmt" count="1"/>
        <line num="48" type="stmt" count="1"/>
        <line num="49" type="stmt" count="1"/>
        <line num="50" type="stmt" count="0"/>
        <line num="51" type="stmt" count="0"/>
        <line num="53" type="stmt" count="1"/>
        <metrics loc="56" ncloc="56" classes="1" methods="2" coveredmethods="1" conditionals="0" coveredconditionals="0" statements="22" coveredstatements="19" elements="24" coveredelements="20"/>
      </file>
      <file name="/var/www/html/app/Application/Notification/Handlers/NotifyMechanicsOnServiceOrderCreated.php">
        <class name="App\Application\Notification\Handlers\NotifyMechanicsOnServiceOrderCreated" namespace="App\Application\Notification\Handlers">
          <metrics complexity="4" methods="2" coveredmethods="1" conditionals="0" coveredconditionals="0" statements="19" coveredstatements="17" elements="21" coveredelements="18"/>
        </class>
        <line num="16" type="method" name="__construct" visibility="public" complexity="1" crap="1" count="18"/>
        <line num="19" type="stmt" count="18"/>
        <line num="21" type="method" name="handle" visibility="public" complexity="3" crap="3.01" count="18"/>
        <line num="23" type="stmt" count="18"/>
        <line num="24" type="stmt" count="18"/>
        <line num="26" type="stmt" count="18"/>
        <line num="27" type="stmt" count="1"/>
        <line num="28" type="stmt" count="1"/>
        <line num="29" type="stmt" count="1"/>
        <line num="30" type="stmt" count="1"/>
        <line num="31" type="stmt" count="1"/>
        <line num="32" type="stmt" count="1"/>
        <line num="33" type="stmt" count="1"/>
        <line num="34" type="stmt" count="1"/>
        <line num="35" type="stmt" count="1"/>
        <line num="37" type="stmt" count="1"/>
        <line num="39" type="stmt" count="1"/>
        <line num="40" type="stmt" count="1"/>
        <line num="41" type="stmt" count="0"/>
        <line num="42" type="stmt" count="0"/>
        <line num="44" type="stmt" count="1"/>
        <metrics loc="48" ncloc="48" classes="1" methods="2" coveredmethods="1" conditionals="0" coveredconditionals="0" statements="19" coveredstatements="17" elements="21" coveredelements="18"/>
      </file>
      <file name="/var/www/html/app/Application/Notification/Handlers/SendServiceOrderStatusNotification.php">
        <class name="App\Application\Notification\Handlers\SendServiceOrderStatusNotification" namespace="App\Application\Notification\Handlers">
          <metrics complexity="3" methods="2" coveredmethods="2" conditionals="0" coveredconditionals="0" statements="19" coveredstatements="19" elements="21" coveredelements="21"/>
        </class>
        <line num="14" type="method" name="__construct" visibility="public" complexity="1" crap="1" count="3"/>
        <line num="17" type="stmt" count="3"/>
        <line num="18" type="method" name="handle" visibility="public" complexity="2" crap="2" count="3"/>
        <line num="20" type="stmt" count="3"/>
        <line num="21" type="stmt" count="3"/>
        <line num="22" type="stmt" count="3"/>
        <line num="23" type="stmt" count="3"/>
        <line num="24" type="stmt" count="3"/>
        <line num="25" type="stmt" count="3"/>
        <line num="26" type="stmt" count="3"/>
        <line num="27" type="stmt" count="3"/>
        <line num="28" type="stmt" count="3"/>
        <line num="29" type="stmt" count="3"/>
        <line num="30" type="stmt" count="3"/>
        <line num="31" type="stmt" count="3"/>
        <line num="32" type="stmt" count="3"/>
        <line num="34" type="stmt" count="3"/>
        <line num="35" type="stmt" count="2"/>
        <line num="36" type="stmt" count="1"/>
        <line num="37" type="stmt" count="1"/>
        <line num="39" type="stmt" count="3"/>
        <metrics loc="41" ncloc="41" classes="1" methods="2" coveredmethods="2" conditionals="0" coveredconditionals="0" statements="19" coveredstatements="19" elements="21" coveredelements="21"/>
      </file>
      <file name="/var/www/html/app/Application/Notification/Handlers/SendWelcomeNotification.php">
        <class name="App\Application\Notification\Handlers\SendWelcomeNotification" namespace="App\Application\Notification\Handlers">
          <metrics complexity="3" methods="2" coveredmethods="2" conditionals="0" coveredconditionals="0" statements="16" coveredstatements="16" elements="18" coveredelements="18"/>
        </class>
        <line num="18" type="method" name="__construct" visibility="public" complexity="1" crap="1" count="8"/>
        <line num="21" type="stmt" count="8"/>
        <line num="22" type="method" name="handle" visibility="public" complexity="2" crap="2" count="8"/>
        <line num="24" type="stmt" count="8"/>
        <line num="25" type="stmt" count="8"/>
        <line num="26" type="stmt" count="8"/>
        <line num="27" type="stmt" count="8"/>
        <line num="28" type="stmt" count="8"/>
        <line num="29" type="stmt" count="8"/>
        <line num="30" type="stmt" count="8"/>
        <line num="31" type="stmt" count="8"/>
        <line num="32" type="stmt" count="8"/>
        <line num="34" type="stmt" count="8"/>
        <line num="36" type="stmt" count="8"/>
        <line num="37" type="stmt" count="1"/>
        <line num="38" type="stmt" count="7"/>
        <line num="39" type="stmt" count="7"/>
        <line num="41" type="stmt" count="8"/>
        <metrics loc="43" ncloc="43" classes="1" methods="2" coveredmethods="2" conditionals="0" coveredconditionals="0" statements="16" coveredstatements="16" elements="18" coveredelements="18"/>
      </file>
    </package>
    <package name="App\Application\Notification\UseCases">
      <file name="/var/www/html/app/Application/Notification/UseCases/ListNotificationUseCase.php">
        <class name="App\Application\Notification\UseCases\ListNotificationUseCase" namespace="App\Application\Notification\UseCases">
          <metrics complexity="3" methods="2" coveredmethods="1" conditionals="0" coveredconditionals="0" statements="5" coveredstatements="4" elements="7" coveredelements="5"/>
        </class>
        <line num="10" type="method" name="__construct" visibility="public" complexity="1" crap="1" count="3"/>
        <line num="12" type="stmt" count="3"/>
        <line num="14" type="method" name="execute" visibility="public" complexity="2" crap="2.06" count="3"/>
        <line num="16" type="stmt" count="3"/>
        <line num="18" type="stmt" count="3"/>
        <line num="19" type="stmt" count="0"/>
        <line num="22" type="stmt" count="3"/>
        <metrics loc="24" ncloc="24" classes="1" methods="2" coveredmethods="1" conditionals="0" coveredconditionals="0" statements="5" coveredstatements="4" elements="7" coveredelements="5"/>
      </file>
      <file name="/var/www/html/app/Application/Notification/UseCases/ShowNotificationUseCase.php">
        <class name="App\Application\Notification\UseCases\ShowNotificationUseCase" namespace="App\Application\Notification\UseCases">
          <metrics complexity="3" methods="2" coveredmethods="2" conditionals="0" coveredconditionals="0" statements="5" coveredstatements="5" elements="7" coveredelements="7"/>
        </class>
        <line num="11" type="method" name="__construct" visibility="public" complexity="1" crap="1" count="3"/>
        <line num="13" type="stmt" count="3"/>
        <line num="15" type="method" name="execute" visibility="public" complexity="2" crap="2" count="3"/>
        <line num="17" type="stmt" count="3"/>
        <line num="19" type="stmt" count="3"/>
        <line num="20" type="stmt" count="2"/>
        <line num="23" type="stmt" count="1"/>
        <metrics loc="25" ncloc="25" classes="1" methods="2" coveredmethods="2" conditionals="0" coveredconditionals="0" statements="5" coveredstatements="5" elements="7" coveredelements="7"/>
      </file>
    </package>
    <package name="App\Application\Service\DTOs">
      <file name="/var/www/html/app/Application/Service/DTOs/CreateServiceDTO.php">
        <class name="App\Application\Service\DTOs\CreateServiceDTO" namespace="App\Application\Service\DTOs">
          <metrics complexity="1" methods="1" coveredmethods="1" conditionals="0" coveredconditionals="0" statements="1" coveredstatements="1" elements="2" coveredelements="2"/>
        </class>
        <line num="7" type="method" name="__construct" visibility="public" complexity="1" crap="1" count="34"/>
        <line num="10" type="stmt" count="34"/>
        <metrics loc="12" ncloc="12" classes="1" methods="1" coveredmethods="1" conditionals="0" coveredconditionals="0" statements="1" coveredstatements="1" elements="2" coveredelements="2"/>
      </file>
      <file name="/var/www/html/app/Application/Service/DTOs/ListServiceDTO.php">
        <class name="App\Application\Service\DTOs\ListServiceDTO" namespace="App\Application\Service\DTOs">
          <metrics complexity="1" methods="1" coveredmethods="1" conditionals="0" coveredconditionals="0" statements="1" coveredstatements="1" elements="2" coveredelements="2"/>
        </class>
        <line num="7" type="method" name="__construct" visibility="public" complexity="1" crap="1" count="4"/>
        <line num="10" type="stmt" count="4"/>
        <metrics loc="12" ncloc="12" classes="1" methods="1" coveredmethods="1" conditionals="0" coveredconditionals="0" statements="1" coveredstatements="1" elements="2" coveredelements="2"/>
      </file>
      <file name="/var/www/html/app/Application/Service/DTOs/ShowServiceDTO.php">
        <class name="App\Application\Service\DTOs\ShowServiceDTO" namespace="App\Application\Service\DTOs">
          <metrics complexity="1" methods="1" coveredmethods="1" conditionals="0" coveredconditionals="0" statements="1" coveredstatements="1" elements="2" coveredelements="2"/>
        </class>
        <line num="7" type="method" name="__construct" visibility="public" complexity="1" crap="1" count="3"/>
        <line num="9" type="stmt" count="3"/>
        <metrics loc="11" ncloc="11" classes="1" methods="1" coveredmethods="1" conditionals="0" coveredconditionals="0" statements="1" coveredstatements="1" elements="2" coveredelements="2"/>
      </file>
      <file name="/var/www/html/app/Application/Service/DTOs/UpdateServiceDTO.php">
        <class name="App\Application\Service\DTOs\UpdateServiceDTO" namespace="App\Application\Service\DTOs">
          <metrics complexity="1" methods="1" coveredmethods="1" conditionals="0" coveredconditionals="0" statements="1" coveredstatements="1" elements="2" coveredelements="2"/>
        </class>
        <line num="7" type="method" name="__construct" visibility="public" complexity="1" crap="1" count="5"/>
        <line num="11" type="stmt" count="5"/>
        <metrics loc="13" ncloc="13" classes="1" methods="1" coveredmethods="1" conditionals="0" coveredconditionals="0" statements="1" coveredstatements="1" elements="2" coveredelements="2"/>
      </file>
    </package>
    <package name="App\Application\Service\UseCases">
      <file name="/var/www/html/app/Application/Service/UseCases/CreateServiceUseCase.php">
        <class name="App\Application\Service\UseCases\CreateServiceUseCase" namespace="App\Application\Service\UseCases">
          <metrics complexity="3" methods="2" coveredmethods="2" conditionals="0" coveredconditionals="0" statements="10" coveredstatements="10" elements="12" coveredelements="12"/>
        </class>
        <line num="11" type="method" name="__construct" visibility="public" complexity="1" crap="1" count="34"/>
        <line num="13" type="stmt" count="34"/>
        <line num="15" type="method" name="execute" visibility="public" complexity="2" crap="2" count="34"/>
        <line num="17" type="stmt" count="34"/>
        <line num="18" type="stmt" count="34"/>
        <line num="19" type="stmt" count="34"/>
        <line num="20" type="stmt" count="34"/>
        <line num="22" type="stmt" count="34"/>
        <line num="24" type="stmt" count="34"/>
        <line num="25" type="stmt" count="2"/>
        <line num="28" type="stmt" count="33"/>
        <line num="30" type="stmt" count="33"/>
        <metrics loc="32" ncloc="32" classes="1" methods="2" coveredmethods="2" conditionals="0" coveredconditionals="0" statements="10" coveredstatements="10" elements="12" coveredelements="12"/>
      </file>
      <file name="/var/www/html/app/Application/Service/UseCases/DeleteServiceUseCase.php">
        <class name="App\Application\Service\UseCases\DeleteServiceUseCase" namespace="App\Application\Service\UseCases">
          <metrics complexity="3" methods="2" coveredmethods="0" conditionals="0" coveredconditionals="0" statements="5" coveredstatements="0" elements="7" coveredelements="0"/>
        </class>
        <line num="9" type="method" name="__construct" visibility="public" complexity="1" crap="2" count="0"/>
        <line num="11" type="stmt" count="0"/>
        <line num="13" type="method" name="execute" visibility="public" complexity="2" crap="6" count="0"/>
        <line num="15" type="stmt" count="0"/>
        <line num="17" type="stmt" count="0"/>
        <line num="18" type="stmt" count="0"/>
        <line num="21" type="stmt" count="0"/>
        <metrics loc="24" ncloc="24" classes="1" methods="2" coveredmethods="0" conditionals="0" coveredconditionals="0" statements="5" coveredstatements="0" elements="7" coveredelements="0"/>
      </file>
      <file name="/var/www/html/app/Application/Service/UseCases/ListServiceUseCase.php">
        <class name="App\Application\Service\UseCases\ListServiceUseCase" namespace="App\Application\Service\UseCases">
          <metrics complexity="4" methods="2" coveredmethods="2" conditionals="0" coveredconditionals="0" statements="7" coveredstatements="7" elements="9" coveredelements="9"/>
        </class>
        <line num="10" type="method" name="__construct" visibility="public" complexity="1" crap="1" count="4"/>
        <line num="12" type="stmt" count="4"/>
        <line num="14" type="method" name="execute" visibility="public" complexity="3" crap="3" count="4"/>
        <line num="16" type="stmt" count="4"/>
        <line num="17" type="stmt" count="3"/>
        <line num="19" type="stmt" count="3"/>
        <line num="20" type="stmt" count="1"/>
        <line num="23" type="stmt" count="3"/>
        <line num="26" type="stmt" count="1"/>
        <metrics loc="29" ncloc="29" classes="1" methods="2" coveredmethods="2" conditionals="0" coveredconditionals="0" statements="7" coveredstatements="7" elements="9" coveredelements="9"/>
      </file>
      <file name="/var/www/html/app/Application/Service/UseCases/ShowServiceUseCase.php">
        <class name="App\Application\Service\UseCases\ShowServiceUseCase" namespace="App\Application\Service\UseCases">
          <metrics complexity="3" methods="2" coveredmethods="2" conditionals="0" coveredconditionals="0" statements="5" coveredstatements="5" elements="7" coveredelements="7"/>
        </class>
        <line num="11" type="method" name="__construct" visibility="public" complexity="1" crap="1" count="3"/>
        <line num="13" type="stmt" count="3"/>
        <line num="15" type="method" name="execute" visibility="public" complexity="2" crap="2" count="3"/>
        <line num="17" type="stmt" count="3"/>
        <line num="19" type="stmt" count="3"/>
        <line num="20" type="stmt" count="1"/>
        <line num="23" type="stmt" count="2"/>
        <metrics loc="25" ncloc="25" classes="1" methods="2" coveredmethods="2" conditionals="0" coveredconditionals="0" statements="5" coveredstatements="5" elements="7" coveredelements="7"/>
      </file>
      <file name="/var/www/html/app/Application/Service/UseCases/UpdateServiceUseCase.php">
        <class name="App\Application\Service\UseCases\UpdateServiceUseCase" namespace="App\Application\Service\UseCases">
          <metrics complexity="8" methods="2" coveredmethods="2" conditionals="0" coveredconditionals="0" statements="16" coveredstatements="16" elements="18" coveredelements="18"/>
        </class>
        <line num="11" type="method" name="__construct" visibility="public" complexity="1" crap="1" count="5"/>
        <line num="13" type="stmt" count="5"/>
        <line num="15" type="method" name="execute" visibility="public" complexity="7" crap="7" count="5"/>
        <line num="17" type="stmt" count="5"/>
        <line num="19" type="stmt" count="5"/>
        <line num="20" type="stmt" count="1"/>
        <line num="23" type="stmt" count="4"/>
        <line num="24" type="stmt" count="1"/>
        <line num="28" type="stmt" count="3"/>
        <line num="29" type="stmt" count="3"/>
        <line num="31" type="stmt" count="3"/>
        <line num="32" type="stmt" count="1"/>
        <line num="36" type="stmt" count="2"/>
        <line num="37" type="stmt" count="2"/>
        <line num="38" type="stmt" count="2"/>
        <line num="39" type="stmt" count="2"/>
        <line num="41" type="stmt" count="2"/>
        <line num="43" type="stmt" count="2"/>
        <metrics loc="47" ncloc="47" classes="1" methods="2" coveredmethods="2" conditionals="0" coveredconditionals="0" statements="16" coveredstatements="16" elements="18" coveredelements="18"/>
      </file>
    </package>
    <package name="App\Application\ServiceOrder\DTOs">
      <file name="/var/www/html/app/Application/ServiceOrder/DTOs/CreateServiceOrderDTO.php">
        <class name="App\Application\ServiceOrder\DTOs\CreateServiceOrderDTO" namespace="App\Application\ServiceOrder\DTOs">
          <metrics complexity="1" methods="1" coveredmethods="1" conditionals="0" coveredconditionals="0" statements="1" coveredstatements="1" elements="2" coveredelements="2"/>
        </class>
        <line num="9" type="method" name="__construct" visibility="public" complexity="1" crap="1" count="28"/>
        <line num="15" type="stmt" count="28"/>
        <metrics loc="17" ncloc="17" classes="1" methods="1" coveredmethods="1" conditionals="0" coveredconditionals="0" statements="1" coveredstatements="1" elements="2" coveredelements="2"/>
      </file>
      <file name="/var/www/html/app/Application/ServiceOrder/DTOs/DeleteServiceOrderDTO.php">
        <class name="App\Application\ServiceOrder\DTOs\DeleteServiceOrderDTO" namespace="App\Application\ServiceOrder\DTOs">
          <metrics complexity="1" methods="1" coveredmethods="1" conditionals="0" coveredconditionals="0" statements="1" coveredstatements="1" elements="2" coveredelements="2"/>
        </class>
        <line num="7" type="method" name="__construct" visibility="public" complexity="1" crap="1" count="2"/>
        <line num="9" type="stmt" count="2"/>
        <metrics loc="11" ncloc="11" classes="1" methods="1" coveredmethods="1" conditionals="0" coveredconditionals="0" statements="1" coveredstatements="1" elements="2" coveredelements="2"/>
      </file>
      <file name="/var/www/html/app/Application/ServiceOrder/DTOs/ListServiceOrderDTO.php">
        <class name="App\Application\ServiceOrder\DTOs\ListServiceOrderDTO" namespace="App\Application\ServiceOrder\DTOs">
          <metrics complexity="1" methods="1" coveredmethods="1" conditionals="0" coveredconditionals="0" statements="1" coveredstatements="1" elements="2" coveredelements="2"/>
        </class>
        <line num="7" type="method" name="__construct" visibility="public" complexity="1" crap="1" count="2"/>
        <line num="10" type="stmt" count="2"/>
        <metrics loc="12" ncloc="12" classes="1" methods="1" coveredmethods="1" conditionals="0" coveredconditionals="0" statements="1" coveredstatements="1" elements="2" coveredelements="2"/>
      </file>
      <file name="/var/www/html/app/Application/ServiceOrder/DTOs/RemoveServiceOrderItemDTO.php">
        <class name="App\Application\ServiceOrder\DTOs\RemoveServiceOrderItemDTO" namespace="App\Application\ServiceOrder\DTOs">
          <metrics complexity="1" methods="1" coveredmethods="1" conditionals="0" coveredconditionals="0" statements="1" coveredstatements="1" elements="2" coveredelements="2"/>
        </class>
        <line num="7" type="method" name="__construct" visibility="public" complexity="1" crap="1" count="1"/>
        <line num="10" type="stmt" count="1"/>
        <metrics loc="12" ncloc="12" classes="1" methods="1" coveredmethods="1" conditionals="0" coveredconditionals="0" statements="1" coveredstatements="1" elements="2" coveredelements="2"/>
      </file>
      <file name="/var/www/html/app/Application/ServiceOrder/DTOs/RemoveServiceOrderServiceDTO.php">
        <class name="App\Application\ServiceOrder\DTOs\RemoveServiceOrderServiceDTO" namespace="App\Application\ServiceOrder\DTOs">
          <metrics complexity="1" methods="1" coveredmethods="1" conditionals="0" coveredconditionals="0" statements="1" coveredstatements="1" elements="2" coveredelements="2"/>
        </class>
        <line num="7" type="method" name="__construct" visibility="public" complexity="1" crap="1" count="1"/>
        <line num="10" type="stmt" count="1"/>
        <metrics loc="12" ncloc="12" classes="1" methods="1" coveredmethods="1" conditionals="0" coveredconditionals="0" statements="1" coveredstatements="1" elements="2" coveredelements="2"/>
      </file>
      <file name="/var/www/html/app/Application/ServiceOrder/DTOs/ShowServiceOrderDTO.php">
        <class name="App\Application\ServiceOrder\DTOs\ShowServiceOrderDTO" namespace="App\Application\ServiceOrder\DTOs">
          <metrics complexity="1" methods="1" coveredmethods="1" conditionals="0" coveredconditionals="0" statements="1" coveredstatements="1" elements="2" coveredelements="2"/>
        </class>
        <line num="7" type="method" name="__construct" visibility="public" complexity="1" crap="1" count="2"/>
        <line num="9" type="stmt" count="2"/>
        <metrics loc="11" ncloc="11" classes="1" methods="1" coveredmethods="1" conditionals="0" coveredconditionals="0" statements="1" coveredstatements="1" elements="2" coveredelements="2"/>
      </file>
      <file name="/var/www/html/app/Application/ServiceOrder/DTOs/UpdateServiceOrderDTO.php">
        <class name="App\Application\ServiceOrder\DTOs\UpdateServiceOrderDTO" namespace="App\Application\ServiceOrder\DTOs">
          <metrics complexity="1" methods="1" coveredmethods="1" conditionals="0" coveredconditionals="0" statements="1" coveredstatements="1" elements="2" coveredelements="2"/>
        </class>
        <line num="7" type="method" name="__construct" visibility="public" complexity="1" crap="1" count="15"/>
        <line num="15" type="stmt" count="15"/>
        <metrics loc="17" ncloc="17" classes="1" methods="1" coveredmethods="1" conditionals="0" coveredconditionals="0" statements="1" coveredstatements="1" elements="2" coveredelements="2"/>
      </file>
      <file name="/var/www/html/app/Application/ServiceOrder/DTOs/UpdateServiceOrderStatusDTO.php">
        <class name="App\Application\ServiceOrder\DTOs\UpdateServiceOrderStatusDTO" namespace="App\Application\ServiceOrder\DTOs">
          <metrics complexity="1" methods="1" coveredmethods="1" conditionals="0" coveredconditionals="0" statements="1" coveredstatements="1" elements="2" coveredelements="2"/>
        </class>
        <line num="7" type="method" name="__construct" visibility="public" complexity="1" crap="1" count="3"/>
        <line num="10" type="stmt" count="3"/>
        <metrics loc="12" ncloc="12" classes="1" methods="1" coveredmethods="1" conditionals="0" coveredconditionals="0" statements="1" coveredstatements="1" elements="2" coveredelements="2"/>
      </file>
    </package>
    <package name="App\Application\ServiceOrder\UseCases">
      <file name="/var/www/html/app/Application/ServiceOrder/UseCases/ApproveServiceOrderByTokenUseCase.php">
        <class name="App\Application\ServiceOrder\UseCases\ApproveServiceOrderByTokenUseCase" namespace="App\Application\ServiceOrder\UseCases">
          <metrics complexity="6" methods="2" coveredmethods="2" conditionals="0" coveredconditionals="0" statements="28" coveredstatements="28" elements="30" coveredelements="30"/>
        </class>
        <line num="14" type="method" name="__construct" visibility="public" complexity="1" crap="1" count="5"/>
        <line num="18" type="stmt" count="5"/>
        <line num="20" type="method" name="execute" visibility="public" complexity="5" crap="5" count="5"/>
        <line num="22" type="stmt" count="5"/>
        <line num="24" type="stmt" count="5"/>
        <line num="25" type="stmt" count="1"/>
        <line num="28" type="stmt" count="4"/>
        <line num="29" type="stmt" count="1"/>
        <line num="32" type="stmt" count="3"/>
        <line num="34" type="stmt" count="3"/>
        <line num="35" type="stmt" count="2"/>
        <line num="37" type="stmt" count="2"/>
        <line num="38" type="stmt" count="1"/>
        <line num="41" type="stmt" count="1"/>
        <line num="42" type="stmt" count="1"/>
        <line num="43" type="stmt" count="1"/>
        <line num="44" type="stmt" count="1"/>
        <line num="46" type="stmt" count="1"/>
        <line num="47" type="stmt" count="1"/>
        <line num="48" type="stmt" count="1"/>
        <line num="49" type="stmt" count="1"/>
        <line num="50" type="stmt" count="1"/>
        <line num="51" type="stmt" count="1"/>
        <line num="52" type="stmt" count="1"/>
        <line num="53" type="stmt" count="1"/>
        <line num="54" type="stmt" count="1"/>
        <line num="55" type="stmt" count="1"/>
        <line num="57" type="stmt" count="1"/>
        <line num="60" type="stmt" count="3"/>
        <line num="62" type="stmt" count="3"/>
        <metrics loc="65" ncloc="65" classes="1" methods="2" coveredmethods="2" conditionals="0" coveredconditionals="0" statements="28" coveredstatements="28" elements="30" coveredelements="30"/>
      </file>
      <file name="/var/www/html/app/Application/ServiceOrder/UseCases/CreateServiceOrderUseCase.php">
        <class name="App\Application\ServiceOrder\UseCases\CreateServiceOrderUseCase" namespace="App\Application\ServiceOrder\UseCases">
          <metrics complexity="13" methods="4" coveredmethods="2" conditionals="0" coveredconditionals="0" statements="77" coveredstatements="75" elements="81" coveredelements="77"/>
        </class>
        <line num="22" type="method" name="__construct" visibility="public" complexity="1" crap="1" count="28"/>
        <line num="29" type="stmt" count="28"/>
        <line num="31" type="method" name="execute" visibility="public" complexity="7" crap="7" count="28"/>
        <line num="34" type="stmt" count="28"/>
        <line num="36" type="stmt" count="28"/>
        <line num="37" type="stmt" count="0"/>
        <line num="40" type="stmt" count="28"/>
        <line num="41" type="stmt" count="1"/>
        <line num="44" type="stmt" count="27"/>
        <line num="45" type="stmt" count="27"/>
        <line num="47" type="stmt" count="27"/>
        <line num="48" type="stmt" count="19"/>
        <line num="49" type="stmt" count="19"/>
        <line num="50" type="stmt" count="19"/>
        <line num="51" type="stmt" count="19"/>
        <line num="52" type="stmt" count="19"/>
        <line num="53" type="stmt" count="19"/>
        <line num="55" type="stmt" count="19"/>
        <line num="58" type="stmt" count="27"/>
        <line num="59" type="stmt" count="26"/>
        <line num="61" type="stmt" count="25"/>
        <line num="62" type="stmt" count="25"/>
        <line num="63" type="stmt" count="25"/>
        <line num="64" type="stmt" count="25"/>
        <line num="65" type="stmt" count="25"/>
        <line num="66" type="stmt" count="25"/>
        <line num="67" type="stmt" count="25"/>
        <line num="69" type="stmt" count="25"/>
        <line num="70" type="stmt" count="2"/>
        <line num="73" type="stmt" count="25"/>
        <line num="74" type="stmt" count="25"/>
        <line num="76" type="stmt" count="25"/>
        <line num="77" type="stmt" count="25"/>
        <line num="78" type="stmt" count="25"/>
        <line num="79" type="stmt" count="25"/>
        <line num="80" type="stmt" count="25"/>
        <line num="81" type="stmt" count="25"/>
        <line num="82" type="stmt" count="25"/>
        <line num="83" type="stmt" count="25"/>
        <line num="84" type="stmt" count="25"/>
        <line num="85" type="stmt" count="25"/>
        <line num="86" type="stmt" count="25"/>
        <line num="89" type="stmt" count="25"/>
        <line num="90" type="stmt" count="25"/>
        <line num="91" type="stmt" count="25"/>
        <line num="92" type="stmt" count="25"/>
        <line num="93" type="stmt" count="25"/>
        <line num="94" type="stmt" count="25"/>
        <line num="95" type="stmt" count="25"/>
        <line num="96" type="stmt" count="25"/>
        <line num="97" type="stmt" count="25"/>
        <line num="99" type="stmt" count="25"/>
        <line num="101" type="stmt" count="25"/>
        <line num="103" type="stmt" count="25"/>
        <line num="106" type="method" name="resolveServices" visibility="private" complexity="2" crap="2" count="27"/>
        <line num="108" type="stmt" count="27"/>
        <line num="109" type="stmt" count="27"/>
        <line num="111" type="stmt" count="27"/>
        <line num="112" type="stmt" count="1"/>
        <line num="115" type="stmt" count="26"/>
        <line num="116" type="stmt" count="26"/>
        <line num="117" type="stmt" count="26"/>
        <line num="118" type="stmt" count="26"/>
        <line num="119" type="stmt" count="26"/>
        <line num="120" type="stmt" count="26"/>
        <line num="121" type="stmt" count="27"/>
        <line num="124" type="method" name="resolveItems" visibility="private" complexity="3" crap="3.00" count="26"/>
        <line num="126" type="stmt" count="26"/>
        <line num="127" type="stmt" count="26"/>
        <line num="129" type="stmt" count="26"/>
        <line num="130" type="stmt" count="0"/>
        <line num="133" type="stmt" count="26"/>
        <line num="135" type="stmt" count="26"/>
        <line num="136" type="stmt" count="1"/>
        <line num="139" type="stmt" count="25"/>
        <line num="140" type="stmt" count="25"/>
        <line num="141" type="stmt" count="25"/>
        <line num="142" type="stmt" count="25"/>
        <line num="143" type="stmt" count="25"/>
        <line num="144" type="stmt" count="25"/>
        <line num="145" type="stmt" count="26"/>
        <metrics loc="148" ncloc="147" classes="1" methods="4" coveredmethods="2" conditionals="0" coveredconditionals="0" statements="77" coveredstatements="75" elements="81" coveredelements="77"/>
      </file>
      <file name="/var/www/html/app/Application/ServiceOrder/UseCases/DeleteServiceOrderUseCase.php">
        <class name="App\Application\ServiceOrder\UseCases\DeleteServiceOrderUseCase" namespace="App\Application\ServiceOrder\UseCases">
          <metrics complexity="3" methods="2" coveredmethods="2" conditionals="0" coveredconditionals="0" statements="5" coveredstatements="5" elements="7" coveredelements="7"/>
        </class>
        <line num="10" type="method" name="__construct" visibility="public" complexity="1" crap="1" count="2"/>
        <line num="12" type="stmt" count="2"/>
        <line num="14" type="method" name="execute" visibility="public" complexity="2" crap="2" count="2"/>
        <line num="16" type="stmt" count="2"/>
        <line num="18" type="stmt" count="2"/>
        <line num="19" type="stmt" count="1"/>
        <line num="22" type="stmt" count="1"/>
        <metrics loc="25" ncloc="25" classes="1" methods="2" coveredmethods="2" conditionals="0" coveredconditionals="0" statements="5" coveredstatements="5" elements="7" coveredelements="7"/>
      </file>
      <file name="/var/www/html/app/Application/ServiceOrder/UseCases/ListServiceOrderUseCase.php">
        <class name="App\Application\ServiceOrder\UseCases\ListServiceOrderUseCase" namespace="App\Application\ServiceOrder\UseCases">
          <metrics complexity="3" methods="2" coveredmethods="2" conditionals="0" coveredconditionals="0" statements="5" coveredstatements="5" elements="7" coveredelements="7"/>
        </class>
        <line num="10" type="method" name="__construct" visibility="public" complexity="1" crap="1" count="2"/>
        <line num="12" type="stmt" count="2"/>
        <line num="14" type="method" name="execute" visibility="public" complexity="2" crap="2" count="2"/>
        <line num="16" type="stmt" count="2"/>
        <line num="18" type="stmt" count="2"/>
        <line num="19" type="stmt" count="1"/>
        <line num="22" type="stmt" count="2"/>
        <metrics loc="25" ncloc="25" classes="1" methods="2" coveredmethods="2" conditionals="0" coveredconditionals="0" statements="5" coveredstatements="5" elements="7" coveredelements="7"/>
      </file>
      <file name="/var/www/html/app/Application/ServiceOrder/UseCases/RemoveServiceOrderItemUseCase.php">
        <class name="App\Application\ServiceOrder\UseCases\RemoveServiceOrderItemUseCase" namespace="App\Application\ServiceOrder\UseCases">
          <metrics complexity="4" methods="2" coveredmethods="1" conditionals="0" coveredconditionals="0" statements="13" coveredstatements="11" elements="15" coveredelements="12"/>
        </class>
        <line num="11" type="method" name="__construct" visibility="public" complexity="1" crap="1" count="1"/>
        <line num="13" type="method" name="execute" visibility="public" complexity="3" crap="3.04" count="1"/>
        <line num="15" type="stmt" count="1"/>
        <line num="17" type="stmt" count="1"/>
        <line num="18" type="stmt" count="0"/>
        <line num="21" type="stmt" count="1"/>
        <line num="22" type="stmt" count="1"/>
        <line num="23" type="stmt" count="1"/>
        <line num="24" type="stmt" count="1"/>
        <line num="26" type="stmt" count="1"/>
        <line num="27" type="stmt" count="0"/>
        <line num="30" type="stmt" count="1"/>
        <line num="31" type="stmt" count="1"/>
        <line num="33" type="stmt" count="1"/>
        <metrics loc="36" ncloc="36" classes="1" methods="2" coveredmethods="1" conditionals="0" coveredconditionals="0" statements="13" coveredstatements="11" elements="15" coveredelements="12"/>
      </file>
      <file name="/var/www/html/app/Application/ServiceOrder/UseCases/RemoveServiceOrderServiceUseCase.php">
        <class name="App\Application\ServiceOrder\UseCases\RemoveServiceOrderServiceUseCase" namespace="App\Application\ServiceOrder\UseCases">
          <metrics complexity="4" methods="2" coveredmethods="1" conditionals="0" coveredconditionals="0" statements="13" coveredstatements="11" elements="15" coveredelements="12"/>
        </class>
        <line num="11" type="method" name="__construct" visibility="public" complexity="1" crap="1" count="1"/>
        <line num="13" type="method" name="execute" visibility="public" complexity="3" crap="3.04" count="1"/>
        <line num="15" type="stmt" count="1"/>
        <line num="17" type="stmt" count="1"/>
        <line num="18" type="stmt" count="0"/>
        <line num="21" type="stmt" count="1"/>
        <line num="22" type="stmt" count="1"/>
        <line num="23" type="stmt" count="1"/>
        <line num="24" type="stmt" count="1"/>
        <line num="26" type="stmt" count="1"/>
        <line num="27" type="stmt" count="0"/>
        <line num="30" type="stmt" count="1"/>
        <line num="31" type="stmt" count="1"/>
        <line num="33" type="stmt" count="1"/>
        <metrics loc="36" ncloc="36" classes="1" methods="2" coveredmethods="1" conditionals="0" coveredconditionals="0" statements="13" coveredstatements="11" elements="15" coveredelements="12"/>
      </file>
      <file name="/var/www/html/app/Application/ServiceOrder/UseCases/ShowServiceOrderUseCase.php">
        <class name="App\Application\ServiceOrder\UseCases\ShowServiceOrderUseCase" namespace="App\Application\ServiceOrder\UseCases">
          <metrics complexity="3" methods="2" coveredmethods="2" conditionals="0" coveredconditionals="0" statements="5" coveredstatements="5" elements="7" coveredelements="7"/>
        </class>
        <line num="11" type="method" name="__construct" visibility="public" complexity="1" crap="1" count="2"/>
        <line num="13" type="stmt" count="2"/>
        <line num="15" type="method" name="execute" visibility="public" complexity="2" crap="2" count="2"/>
        <line num="17" type="stmt" count="2"/>
        <line num="19" type="stmt" count="2"/>
        <line num="20" type="stmt" count="1"/>
        <line num="23" type="stmt" count="1"/>
        <metrics loc="26" ncloc="26" classes="1" methods="2" coveredmethods="2" conditionals="0" coveredconditionals="0" statements="5" coveredstatements="5" elements="7" coveredelements="7"/>
      </file>
      <file name="/var/www/html/app/Application/ServiceOrder/UseCases/UpdateServiceOrderStatusUseCase.php">
        <class name="App\Application\ServiceOrder\UseCases\UpdateServiceOrderStatusUseCase" namespace="App\Application\ServiceOrder\UseCases">
          <metrics complexity="3" methods="2" coveredmethods="2" conditionals="0" coveredconditionals="0" statements="9" coveredstatements="9" elements="11" coveredelements="11"/>
        </class>
        <line num="11" type="method" name="__construct" visibility="public" complexity="1" crap="1" count="3"/>
        <line num="13" type="stmt" count="3"/>
        <line num="15" type="method" name="execute" visibility="public" complexity="2" crap="2" count="3"/>
        <line num="17" type="stmt" count="3"/>
        <line num="19" type="stmt" count="3"/>
        <line num="20" type="stmt" count="1"/>
        <line num="22" type="stmt" count="2"/>
        <line num="23" type="stmt" count="2"/>
        <line num="24" type="stmt" count="2"/>
        <line num="25" type="stmt" count="2"/>
        <line num="26" type="stmt" count="2"/>
        <metrics loc="29" ncloc="29" classes="1" methods="2" coveredmethods="2" conditionals="0" coveredconditionals="0" statements="9" coveredstatements="9" elements="11" coveredelements="11"/>
      </file>
      <file name="/var/www/html/app/Application/ServiceOrder/UseCases/UpdateServiceOrderUseCase.php">
        <class name="App\Application\ServiceOrder\UseCases\UpdateServiceOrderUseCase" namespace="App\Application\ServiceOrder\UseCases">
          <metrics complexity="21" methods="5" coveredmethods="4" conditionals="0" coveredconditionals="0" statements="70" coveredstatements="69" elements="75" coveredelements="73"/>
        </class>
        <line num="18" type="method" name="__construct" visibility="public" complexity="1" crap="1" count="15"/>
        <line num="24" type="stmt" count="15"/>
        <line num="26" type="method" name="execute" visibility="public" complexity="10" crap="10" count="15"/>
        <line num="28" type="stmt" count="15"/>
        <line num="30" type="stmt" count="15"/>
        <line num="31" type="stmt" count="1"/>
        <line num="34" type="stmt" count="14"/>
        <line num="35" type="stmt" count="13"/>
        <line num="37" type="stmt" count="11"/>
        <line num="39" type="stmt" count="11"/>
        <line num="40" type="stmt" count="3"/>
        <line num="42" type="stmt" count="3"/>
        <line num="43" type="stmt" count="1"/>
        <line num="46" type="stmt" count="2"/>
        <line num="49" type="stmt" count="10"/>
        <line num="50" type="stmt" count="1"/>
        <line num="53" type="stmt" count="10"/>
        <line num="54" type="stmt" count="1"/>
        <line num="57" type="stmt" count="10"/>
        <line num="58" type="stmt" count="4"/>
        <line num="59" type="stmt" count="4"/>
        <line num="62" type="stmt" count="9"/>
        <line num="64" type="stmt" count="9"/>
        <line num="65" type="stmt" count="1"/>
        <line num="68" type="stmt" count="9"/>
        <line num="71" type="method" name="resolveServices" visibility="private" complexity="2" crap="2" count="4"/>
        <line num="73" type="stmt" count="4"/>
        <line num="74" type="stmt" count="4"/>
        <line num="76" type="stmt" count="4"/>
        <line num="77" type="stmt" count="1"/>
        <line num="80" type="stmt" count="3"/>
        <line num="81" type="stmt" count="3"/>
        <line num="82" type="stmt" count="3"/>
        <line num="83" type="stmt" count="3"/>
        <line num="84" type="stmt" count="3"/>
        <line num="85" type="stmt" count="3"/>
        <line num="86" type="stmt" count="4"/>
        <line num="89" type="method" name="resolveItems" visibility="private" complexity="3" crap="3" count="5"/>
        <line num="91" type="stmt" count="5"/>
        <line num="92" type="stmt" count="5"/>
        <line num="94" type="stmt" count="5"/>
        <line num="95" type="stmt" count="1"/>
        <line num="98" type="stmt" count="4"/>
        <line num="100" type="stmt" count="4"/>
        <line num="101" type="stmt" count="1"/>
        <line num="104" type="stmt" count="3"/>
        <line num="105" type="stmt" count="3"/>
        <line num="106" type="stmt" count="3"/>
        <line num="107" type="stmt" count="3"/>
        <line num="108" type="stmt" count="3"/>
        <line num="109" type="stmt" count="3"/>
        <line num="110" type="stmt" count="5"/>
        <line num="113" type="method" name="withdrawStockForItems" visibility="private" complexity="5" crap="5" count="4"/>
        <line num="115" type="stmt" count="4"/>
        <line num="116" type="stmt" count="4"/>
        <line num="117" type="stmt" count="4"/>
        <line num="119" type="stmt" count="4"/>
        <line num="120" type="stmt" count="0"/>
        <line num="123" type="stmt" count="4"/>
        <line num="125" type="stmt" count="4"/>
        <line num="126" type="stmt" count="1"/>
        <line num="129" type="stmt" count="3"/>
        <line num="130" type="stmt" count="3"/>
        <line num="131" type="stmt" count="3"/>
        <line num="133" type="stmt" count="3"/>
        <line num="134" type="stmt" count="3"/>
        <line num="135" type="stmt" count="3"/>
        <line num="136" type="stmt" count="3"/>
        <line num="137" type="stmt" count="3"/>
        <line num="138" type="stmt" count="3"/>
        <line num="139" type="stmt" count="3"/>
        <line num="140" type="stmt" count="3"/>
        <line num="141" type="stmt" count="3"/>
        <line num="142" type="stmt" count="3"/>
        <line num="144" type="stmt" count="3"/>
        <metrics loc="148" ncloc="148" classes="1" methods="5" coveredmethods="4" conditionals="0" coveredconditionals="0" statements="70" coveredstatements="69" elements="75" coveredelements="73"/>
      </file>
    </package>
    <package name="App\Application\ServiceOrderItem\DTOs">
      <file name="/var/www/html/app/Application/ServiceOrderItem/DTOs/CreateServiceOrderItemDTO.php">
        <class name="App\Application\ServiceOrderItem\DTOs\CreateServiceOrderItemDTO" namespace="App\Application\ServiceOrderItem\DTOs">
          <metrics complexity="1" methods="1" coveredmethods="1" conditionals="0" coveredconditionals="0" statements="1" coveredstatements="1" elements="2" coveredelements="2"/>
        </class>
        <line num="7" type="method" name="__construct" visibility="public" complexity="1" crap="1" count="26"/>
        <line num="12" type="stmt" count="26"/>
        <metrics loc="14" ncloc="14" classes="1" methods="1" coveredmethods="1" conditionals="0" coveredconditionals="0" statements="1" coveredstatements="1" elements="2" coveredelements="2"/>
      </file>
    </package>
    <package name="App\Application\ServiceOrderItem\UseCases">
      <file name="/var/www/html/app/Application/ServiceOrderItem/UseCases/CreateServiceOrderItemUseCase.php">
        <class name="App\Application\ServiceOrderItem\UseCases\CreateServiceOrderItemUseCase" namespace="App\Application\ServiceOrderItem\UseCases">
          <metrics complexity="2" methods="2" coveredmethods="2" conditionals="0" coveredconditionals="0" statements="2" coveredstatements="2" elements="4" coveredelements="4"/>
        </class>
        <line num="12" type="method" name="__construct" visibility="public" complexity="1" crap="1" count="1"/>
        <line num="13" type="stmt" count="1"/>
        <line num="16" type="method" name="execute" visibility="public" complexity="1" crap="1" count="1"/>
        <line num="18" type="stmt" count="1"/>
        <metrics loc="21" ncloc="21" classes="1" methods="2" coveredmethods="2" conditionals="0" coveredconditionals="0" statements="2" coveredstatements="2" elements="4" coveredelements="4"/>
      </file>
    </package>
    <package name="App\Application\ServiceOrderService\DTOs">
      <file name="/var/www/html/app/Application/ServiceOrderService/DTOs/CreateServiceOrderServiceDTO.php">
        <class name="App\Application\ServiceOrderService\DTOs\CreateServiceOrderServiceDTO" namespace="App\Application\ServiceOrderService\DTOs">
          <metrics complexity="1" methods="1" coveredmethods="1" conditionals="0" coveredconditionals="0" statements="1" coveredstatements="1" elements="2" coveredelements="2"/>
        </class>
        <line num="7" type="method" name="__construct" visibility="public" complexity="1" crap="1" count="28"/>
        <line num="14" type="stmt" count="28"/>
        <metrics loc="16" ncloc="16" classes="1" methods="1" coveredmethods="1" conditionals="0" coveredconditionals="0" statements="1" coveredstatements="1" elements="2" coveredelements="2"/>
      </file>
      <file name="/var/www/html/app/Application/ServiceOrderService/DTOs/FinishServiceOrderServiceDTO.php">
        <class name="App\Application\ServiceOrderService\DTOs\FinishServiceOrderServiceDTO" namespace="App\Application\ServiceOrderService\DTOs">
          <metrics complexity="1" methods="1" coveredmethods="1" conditionals="0" coveredconditionals="0" statements="1" coveredstatements="1" elements="2" coveredelements="2"/>
        </class>
        <line num="7" type="method" name="__construct" visibility="public" complexity="1" crap="1" count="2"/>
        <line num="10" type="stmt" count="2"/>
        <metrics loc="12" ncloc="12" classes="1" methods="1" coveredmethods="1" conditionals="0" coveredconditionals="0" statements="1" coveredstatements="1" elements="2" coveredelements="2"/>
      </file>
      <file name="/var/www/html/app/Application/ServiceOrderService/DTOs/StartServiceOrderServiceDTO.php">
        <class name="App\Application\ServiceOrderService\DTOs\StartServiceOrderServiceDTO" namespace="App\Application\ServiceOrderService\DTOs">
          <metrics complexity="1" methods="1" coveredmethods="1" conditionals="0" coveredconditionals="0" statements="1" coveredstatements="1" elements="2" coveredelements="2"/>
        </class>
        <line num="7" type="method" name="__construct" visibility="public" complexity="1" crap="1" count="4"/>
        <line num="10" type="stmt" count="4"/>
        <metrics loc="12" ncloc="12" classes="1" methods="1" coveredmethods="1" conditionals="0" coveredconditionals="0" statements="1" coveredstatements="1" elements="2" coveredelements="2"/>
      </file>
    </package>
    <package name="App\Application\ServiceOrderService\UseCases">
      <file name="/var/www/html/app/Application/ServiceOrderService/UseCases/FinishServiceOrderServiceUseCase.php">
        <class name="App\Application\ServiceOrderService\UseCases\FinishServiceOrderServiceUseCase" namespace="App\Application\ServiceOrderService\UseCases">
          <metrics complexity="2" methods="2" coveredmethods="2" conditionals="0" coveredconditionals="0" statements="5" coveredstatements="5" elements="7" coveredelements="7"/>
        </class>
        <line num="11" type="method" name="__construct" visibility="public" complexity="1" crap="1" count="2"/>
        <line num="13" type="method" name="execute" visibility="public" complexity="1" crap="1" count="2"/>
        <line num="15" type="stmt" count="2"/>
        <line num="16" type="stmt" count="2"/>
        <line num="17" type="stmt" count="2"/>
        <line num="18" type="stmt" count="2"/>
        <metrics loc="21" ncloc="21" classes="1" methods="2" coveredmethods="2" conditionals="0" coveredconditionals="0" statements="5" coveredstatements="5" elements="7" coveredelements="7"/>
      </file>
      <file name="/var/www/html/app/Application/ServiceOrderService/UseCases/GetAverageServiceExecutionTimeUseCase.php">
        <class name="App\Application\ServiceOrderService\UseCases\GetAverageServiceExecutionTimeUseCase" namespace="App\Application\ServiceOrderService\UseCases">
          <metrics complexity="2" methods="2" coveredmethods="0" conditionals="0" coveredconditionals="0" statements="2" coveredstatements="0" elements="4" coveredelements="0"/>
        </class>
        <line num="9" type="method" name="__construct" visibility="public" complexity="1" crap="2" count="0"/>
        <line num="11" type="method" name="execute" visibility="public" complexity="1" crap="2" count="0"/>
[...]
      </file>
      <file name="/var/www/html/app/Presentation/Http/Requests/ListServiceOrderRequest.php">
        <class name="App\Presentation\Http\Requests\ListServiceOrderRequest" namespace="App\Presentation\Http\Requests">
          <metrics complexity="2" methods="2" coveredmethods="2" conditionals="0" coveredconditionals="0" statements="5" coveredstatements="5" elements="7" coveredelements="7"/>
        </class>
        <line num="10" type="method" name="authorize" visibility="public" complexity="1" crap="1" count="1"/>
        <line num="12" type="stmt" count="1"/>
        <line num="18" type="method" name="rules" visibility="public" complexity="1" crap="1" count="1"/>
        <line num="20" type="stmt" count="1"/>
        <line num="21" type="stmt" count="1"/>
        <line num="22" type="stmt" count="1"/>
        <line num="23" type="stmt" count="1"/>
        <metrics loc="26" ncloc="23" classes="1" methods="2" coveredmethods="2" conditionals="0" coveredconditionals="0" statements="5" coveredstatements="5" elements="7" coveredelements="7"/>
      </file>
      <file name="/var/www/html/app/Presentation/Http/Requests/ListStockMovementsRequest.php">
        <class name="App\Presentation\Http\Requests\ListStockMovementsRequest" namespace="App\Presentation\Http\Requests">
          <metrics complexity="2" methods="2" coveredmethods="2" conditionals="0" coveredconditionals="0" statements="5" coveredstatements="5" elements="7" coveredelements="7"/>
        </class>
        <line num="9" type="method" name="authorize" visibility="public" complexity="1" crap="1" count="4"/>
        <line num="11" type="stmt" count="4"/>
        <line num="14" type="method" name="rules" visibility="public" complexity="1" crap="1" count="4"/>
        <line num="16" type="stmt" count="4"/>
        <line num="17" type="stmt" count="4"/>
        <line num="18" type="stmt" count="4"/>
        <line num="19" type="stmt" count="4"/>
        <metrics loc="22" ncloc="22" classes="1" methods="2" coveredmethods="2" conditionals="0" coveredconditionals="0" statements="5" coveredstatements="5" elements="7" coveredelements="7"/>
      </file>
      <file name="/var/www/html/app/Presentation/Http/Requests/ListVehicleRequest.php">
        <class name="App\Presentation\Http\Requests\ListVehicleRequest" namespace="App\Presentation\Http\Requests">
          <metrics complexity="2" methods="2" coveredmethods="2" conditionals="0" coveredconditionals="0" statements="5" coveredstatements="5" elements="7" coveredelements="7"/>
        </class>
        <line num="13" type="method" name="authorize" visibility="public" complexity="1" crap="1" count="1"/>
        <line num="15" type="stmt" count="1"/>
        <line num="23" type="method" name="rules" visibility="public" complexity="1" crap="1" count="1"/>
        <line num="25" type="stmt" count="1"/>
        <line num="26" type="stmt" count="1"/>
        <line num="27" type="stmt" count="1"/>
        <line num="28" type="stmt" count="1"/>
        <metrics loc="31" ncloc="23" classes="1" methods="2" coveredmethods="2" conditionals="0" coveredconditionals="0" statements="5" coveredstatements="5" elements="7" coveredelements="7"/>
      </file>
      <file name="/var/www/html/app/Presentation/Http/Requests/StockEntryRequest.php">
        <class name="App\Presentation\Http\Requests\StockEntryRequest" namespace="App\Presentation\Http\Requests">
          <metrics complexity="2" methods="2" coveredmethods="2" conditionals="0" coveredconditionals="0" statements="6" coveredstatements="6" elements="8" coveredelements="8"/>
        </class>
        <line num="9" type="method" name="authorize" visibility="public" complexity="1" crap="1" count="38"/>
        <line num="11" type="stmt" count="38"/>
        <line num="14" type="method" name="rules" visibility="public" complexity="1" crap="1" count="38"/>
        <line num="16" type="stmt" count="38"/>
        <line num="17" type="stmt" count="38"/>
        <line num="18" type="stmt" count="38"/>
        <line num="19" type="stmt" count="38"/>
        <line num="20" type="stmt" count="38"/>
        <metrics loc="23" ncloc="23" classes="1" methods="2" coveredmethods="2" conditionals="0" coveredconditionals="0" statements="6" coveredstatements="6" elements="8" coveredelements="8"/>
      </file>
      <file name="/var/www/html/app/Presentation/Http/Requests/StockWithdrawalRequest.php">
        <class name="App\Presentation\Http\Requests\StockWithdrawalRequest" namespace="App\Presentation\Http\Requests">
          <metrics complexity="2" methods="2" coveredmethods="2" conditionals="0" coveredconditionals="0" statements="6" coveredstatements="6" elements="8" coveredelements="8"/>
        </class>
        <line num="9" type="method" name="authorize" visibility="public" complexity="1" crap="1" count="5"/>
        <line num="11" type="stmt" count="5"/>
        <line num="14" type="method" name="rules" visibility="public" complexity="1" crap="1" count="5"/>
        <line num="16" type="stmt" count="5"/>
        <line num="17" type="stmt" count="5"/>
        <line num="18" type="stmt" count="5"/>
        <line num="19" type="stmt" count="5"/>
        <line num="20" type="stmt" count="5"/>
        <metrics loc="23" ncloc="23" classes="1" methods="2" coveredmethods="2" conditionals="0" coveredconditionals="0" statements="6" coveredstatements="6" elements="8" coveredelements="8"/>
      </file>
      <file name="/var/www/html/app/Presentation/Http/Requests/UpdateCustomerRequest.php">
        <class name="App\Presentation\Http\Requests\UpdateCustomerRequest" namespace="App\Presentation\Http\Requests">
          <metrics complexity="2" methods="2" coveredmethods="2" conditionals="0" coveredconditionals="0" statements="7" coveredstatements="7" elements="9" coveredelements="9"/>
        </class>
        <line num="10" type="method" name="authorize" visibility="public" complexity="1" crap="1" count="1"/>
        <line num="12" type="stmt" count="1"/>
        <line num="15" type="method" name="rules" visibility="public" complexity="1" crap="1" count="1"/>
        <line num="17" type="stmt" count="1"/>
        <line num="18" type="stmt" count="1"/>
        <line num="19" type="stmt" count="1"/>
        <line num="20" type="stmt" count="1"/>
        <line num="21" type="stmt" count="1"/>
        <line num="22" type="stmt" count="1"/>
        <metrics loc="24" ncloc="24" classes="1" methods="2" coveredmethods="2" conditionals="0" coveredconditionals="0" statements="7" coveredstatements="7" elements="9" coveredelements="9"/>
      </file>
      <file name="/var/www/html/app/Presentation/Http/Requests/UpdateItemRequest.php">
        <class name="App\Presentation\Http\Requests\UpdateItemRequest" namespace="App\Presentation\Http\Requests">
          <metrics complexity="3" methods="3" coveredmethods="3" conditionals="0" coveredconditionals="0" statements="12" coveredstatements="12" elements="15" coveredelements="15"/>
        </class>
        <line num="9" type="method" name="authorize" visibility="public" complexity="1" crap="1" count="3"/>
        <line num="11" type="stmt" count="3"/>
        <line num="14" type="method" name="rules" visibility="public" complexity="1" crap="1" count="3"/>
        <line num="16" type="stmt" count="3"/>
        <line num="17" type="stmt" count="3"/>
        <line num="18" type="stmt" count="3"/>
        <line num="19" type="stmt" count="3"/>
        <line num="20" type="stmt" count="3"/>
        <line num="21" type="stmt" count="3"/>
        <line num="22" type="stmt" count="3"/>
        <line num="23" type="stmt" count="3"/>
        <line num="24" type="stmt" count="3"/>
        <line num="25" type="stmt" count="3"/>
        <line num="28" type="method" name="prepareForValidation" visibility="protected" complexity="1" crap="1" count="3"/>
        <line num="30" type="stmt" count="3"/>
        <metrics loc="33" ncloc="33" classes="1" methods="3" coveredmethods="3" conditionals="0" coveredconditionals="0" statements="12" coveredstatements="12" elements="15" coveredelements="15"/>
      </file>
      <file name="/var/www/html/app/Presentation/Http/Requests/UpdateServiceOrderRequest.php">
        <class name="App\Presentation\Http\Requests\UpdateServiceOrderRequest" namespace="App\Presentation\Http\Requests">
          <metrics complexity="3" methods="3" coveredmethods="3" conditionals="0" coveredconditionals="0" statements="20" coveredstatements="20" elements="23" coveredelements="23"/>
        </class>
        <line num="12" type="method" name="authorize" visibility="public" complexity="1" crap="1" count="5"/>
        <line num="14" type="stmt" count="5"/>
        <line num="20" type="method" name="rules" visibility="public" complexity="1" crap="1" count="5"/>
        <line num="22" type="stmt" count="5"/>
        <line num="23" type="stmt" count="5"/>
        <line num="24" type="stmt" count="5"/>
        <line num="25" type="stmt" count="5"/>
        <line num="26" type="stmt" count="5"/>
        <line num="27" type="stmt" count="5"/>
        <line num="28" type="stmt" count="5"/>
        <line num="29" type="stmt" count="5"/>
        <line num="30" type="stmt" count="5"/>
        <line num="31" type="stmt" count="5"/>
        <line num="32" type="stmt" count="5"/>
        <line num="33" type="stmt" count="5"/>
        <line num="34" type="stmt" count="5"/>
        <line num="35" type="stmt" count="5"/>
        <line num="36" type="stmt" count="5"/>
        <line num="37" type="stmt" count="5"/>
        <line num="40" type="method" name="prepareForValidation" visibility="protected" complexity="1" crap="1" count="5"/>
        <line num="42" type="stmt" count="5"/>
        <line num="43" type="stmt" count="5"/>
        <line num="44" type="stmt" count="5"/>
        <metrics loc="47" ncloc="44" classes="1" methods="3" coveredmethods="3" conditionals="0" coveredconditionals="0" statements="20" coveredstatements="20" elements="23" coveredelements="23"/>
      </file>
      <file name="/var/www/html/app/Presentation/Http/Requests/UpdateServiceOrderStatusRequest.php">
        <class name="App\Presentation\Http\Requests\UpdateServiceOrderStatusRequest" namespace="App\Presentation\Http\Requests">
          <metrics complexity="3" methods="3" coveredmethods="3" conditionals="0" coveredconditionals="0" statements="8" coveredstatements="8" elements="11" coveredelements="11"/>
        </class>
        <line num="12" type="method" name="authorize" visibility="public" complexity="1" crap="1" count="1"/>
        <line num="14" type="stmt" count="1"/>
        <line num="20" type="method" name="rules" visibility="public" complexity="1" crap="1" count="1"/>
        <line num="22" type="stmt" count="1"/>
        <line num="23" type="stmt" count="1"/>
        <line num="24" type="stmt" count="1"/>
        <line num="25" type="stmt" count="1"/>
        <line num="28" type="method" name="prepareForValidation" visibility="protected" complexity="1" crap="1" count="1"/>
        <line num="30" type="stmt" count="1"/>
        <line num="31" type="stmt" count="1"/>
        <line num="32" type="stmt" count="1"/>
        <metrics loc="35" ncloc="32" classes="1" methods="3" coveredmethods="3" conditionals="0" coveredconditionals="0" statements="8" coveredstatements="8" elements="11" coveredelements="11"/>
      </file>
      <file name="/var/www/html/app/Presentation/Http/Requests/UpdateServiceRequest.php">
        <class name="App\Presentation\Http\Requests\UpdateServiceRequest" namespace="App\Presentation\Http\Requests">
          <metrics complexity="3" methods="3" coveredmethods="3" conditionals="0" coveredconditionals="0" statements="9" coveredstatements="9" elements="12" coveredelements="12"/>
        </class>
        <line num="13" type="method" name="authorize" visibility="public" complexity="1" crap="1" count="2"/>
        <line num="15" type="stmt" count="2"/>
        <line num="23" type="method" name="rules" visibility="public" complexity="1" crap="1" count="2"/>
        <line num="25" type="stmt" count="2"/>
        <line num="26" type="stmt" count="2"/>
        <line num="27" type="stmt" count="2"/>
        <line num="28" type="stmt" count="2"/>
        <line num="29" type="stmt" count="2"/>
        <line num="31" type="method" name="prepareForValidation" visibility="protected" complexity="1" crap="1" count="2"/>
        <line num="33" type="stmt" count="2"/>
        <line num="34" type="stmt" count="2"/>
        <line num="35" type="stmt" count="2"/>
        <metrics loc="38" ncloc="30" classes="1" methods="3" coveredmethods="3" conditionals="0" coveredconditionals="0" statements="9" coveredstatements="9" elements="12" coveredelements="12"/>
      </file>
      <file name="/var/www/html/app/Presentation/Http/Requests/UpdateVehicleRequest.php">
        <class name="App\Presentation\Http\Requests\UpdateVehicleRequest" namespace="App\Presentation\Http\Requests">
          <metrics complexity="3" methods="3" coveredmethods="3" conditionals="0" coveredconditionals="0" statements="11" coveredstatements="11" elements="14" coveredelements="14"/>
        </class>
        <line num="13" type="method" name="authorize" visibility="public" complexity="1" crap="1" count="2"/>
        <line num="15" type="stmt" count="2"/>
        <line num="23" type="method" name="rules" visibility="public" complexity="1" crap="1" count="2"/>
        <line num="25" type="stmt" count="2"/>
        <line num="26" type="stmt" count="2"/>
        <line num="27" type="stmt" count="2"/>
        <line num="28" type="stmt" count="2"/>
        <line num="29" type="stmt" count="2"/>
        <line num="30" type="stmt" count="2"/>
        <line num="31" type="stmt" count="2"/>
        <line num="33" type="method" name="prepareForValidation" visibility="protected" complexity="1" crap="1" count="2"/>
        <line num="35" type="stmt" count="2"/>
        <line num="36" type="stmt" count="2"/>
        <line num="37" type="stmt" count="2"/>
        <metrics loc="40" ncloc="32" classes="1" methods="3" coveredmethods="3" conditionals="0" coveredconditionals="0" statements="11" coveredstatements="11" elements="14" coveredelements="14"/>
      </file>
    </package>
    <package name="App\Providers">
      <file name="/var/www/html/app/Providers/AppServiceProvider.php">
        <class name="App\Providers\AppServiceProvider" namespace="App\Providers">
          <metrics complexity="2" methods="2" coveredmethods="2" conditionals="0" coveredconditionals="0" statements="5" coveredstatements="5" elements="7" coveredelements="7"/>
        </class>
        <line num="14" type="method" name="register" visibility="public" complexity="1" crap="1" count="152"/>
        <line num="17" type="stmt" count="152"/>
        <line num="18" type="stmt" count="152"/>
        <line num="19" type="stmt" count="152"/>
        <line num="20" type="stmt" count="152"/>
        <line num="26" type="method" name="boot" visibility="public" complexity="1" crap="1" count="152"/>
        <line num="29" type="stmt" count="152"/>
        <metrics loc="31" ncloc="23" classes="1" methods="2" coveredmethods="2" conditionals="0" coveredconditionals="0" statements="5" coveredstatements="5" elements="7" coveredelements="7"/>
      </file>
      <file name="/var/www/html/app/Providers/EventServiceProvider.php">
        <class name="App\Providers\EventServiceProvider" namespace="App\Providers">
          <metrics complexity="2" methods="2" coveredmethods="2" conditionals="0" coveredconditionals="0" statements="21" coveredstatements="21" elements="23" coveredelements="23"/>
        </class>
        <line num="22" type="method" name="register" visibility="public" complexity="1" crap="1" count="152"/>
        <line num="25" type="stmt" count="152"/>
        <line num="30" type="method" name="boot" visibility="public" complexity="1" crap="1" count="152"/>
        <line num="32" type="stmt" count="152"/>
        <line num="33" type="stmt" count="152"/>
        <line num="34" type="stmt" count="152"/>
        <line num="35" type="stmt" count="152"/>
        <line num="36" type="stmt" count="152"/>
        <line num="37" type="stmt" count="152"/>
        <line num="38" type="stmt" count="152"/>
        <line num="39" type="stmt" count="152"/>
        <line num="41" type="stmt" count="152"/>
        <line num="42" type="stmt" count="152"/>
        <line num="43" type="stmt" count="152"/>
        <line num="44" type="stmt" count="152"/>
        <line num="46" type="stmt" count="152"/>
        <line num="47" type="stmt" count="152"/>
        <line num="48" type="stmt" count="152"/>
        <line num="49" type="stmt" count="152"/>
        <line num="51" type="stmt" count="152"/>
        <line num="52" type="stmt" count="152"/>
        <line num="53" type="stmt" count="152"/>
        <line num="54" type="stmt" count="152"/>
        <metrics loc="57" ncloc="50" classes="1" methods="2" coveredmethods="2" conditionals="0" coveredconditionals="0" statements="21" coveredstatements="21" elements="23" coveredelements="23"/>
      </file>
      <file name="/var/www/html/app/Providers/RepositoryServiceProvider.php">
        <class name="App\Providers\RepositoryServiceProvider" namespace="App\Providers">
          <metrics complexity="2" methods="2" coveredmethods="2" conditionals="0" coveredconditionals="0" statements="37" coveredstatements="37" elements="39" coveredelements="39"/>
        </class>
        <line num="26" type="method" name="register" visibility="public" complexity="1" crap="1" count="152"/>
        <line num="28" type="stmt" count="152"/>
        <line num="29" type="stmt" count="152"/>
        <line num="30" type="stmt" count="152"/>
        <line num="31" type="stmt" count="152"/>
        <line num="33" type="stmt" count="152"/>
        <line num="34" type="stmt" count="152"/>
        <line num="35" type="stmt" count="152"/>
        <line num="36" type="stmt" count="152"/>
        <line num="38" type="stmt" count="152"/>
        <line num="39" type="stmt" count="152"/>
        <line num="40" type="stmt" count="152"/>
        <line num="41" type="stmt" count="152"/>
        <line num="43" type="stmt" count="152"/>
        <line num="44" type="stmt" count="152"/>
        <line num="45" type="stmt" count="152"/>
        <line num="46" type="stmt" count="152"/>
        <line num="48" type="stmt" count="152"/>
        <line num="49" type="stmt" count="152"/>
        <line num="50" type="stmt" count="152"/>
        <line num="51" type="stmt" count="152"/>
        <line num="53" type="stmt" count="152"/>
        <line num="54" type="stmt" count="152"/>
        <line num="55" type="stmt" count="152"/>
        <line num="56" type="stmt" count="152"/>
        <line num="58" type="stmt" count="152"/>
        <line num="59" type="stmt" count="152"/>
        <line num="60" type="stmt" count="152"/>
        <line num="61" type="stmt" count="152"/>
        <line num="63" type="stmt" count="152"/>
        <line num="64" type="stmt" count="152"/>
        <line num="65" type="stmt" count="152"/>
        <line num="66" type="stmt" count="152"/>
        <line num="68" type="stmt" count="152"/>
        <line num="69" type="stmt" count="152"/>
        <line num="70" type="stmt" count="152"/>
        <line num="71" type="stmt" count="152"/>
        <line num="74" type="method" name="boot" visibility="public" complexity="1" crap="1" count="152"/>
        <line num="76" type="stmt" count="152"/>
        <metrics loc="78" ncloc="77" classes="1" methods="2" coveredmethods="2" conditionals="0" coveredconditionals="0" statements="37" coveredstatements="37" elements="39" coveredelements="39"/>
      </file>
    </package>
    <metrics files="162" loc="5999" ncloc="5884" classes="143" methods="352" coveredmethods="294" conditionals="0" coveredconditionals="0" statements="1966" coveredstatements="1796" elements="2318" coveredelements="2090"/>
  </project>
</coverage>
